生成启动时间为 2017-6-22 17:02:08。
     1>项目“F:\zzc\SuperWisdom\curl\projects\Windows\VC10\lib\libcurl.vcxproj”在节点 2 上(build 个目标)。
     1>InitializeBuildStatus:
         正在创建“..\..\..\..\build\Win32\VC10\DLL Release\lib\libcurl.unsuccessfulbuild”，因为已指定“AlwaysCreate”。
       ClCompile:
         c:\soft\vs2010\VC\bin\CL.exe /c /I..\..\..\..\include /I..\..\..\..\lib /Zi /nologo /W4 /WX- /O2 /Ob1 /Oy- /D NDEBUG /D BUILDING_LIBCURL /D _WINDLL /D _MBCS /GF /Gm- /EHsc /MD /GS /Gy /fp:precise /Zc:wchar_t /Zc:forScope /Fo"..\..\..\..\build\Win32\VC10\DLL Release\lib\\" /Fd"..\..\..\..\build\Win32\VC10\DLL Release\lib\vc100.pdb" /Gd /TC /analyze- /errorReport:prompt ..\..\..\..\lib\amigaos.c "..\..\..\..\lib\asyn-ares.c" "..\..\..\..\lib\asyn-thread.c" ..\..\..\..\lib\base64.c ..\..\..\..\lib\conncache.c ..\..\..\..\lib\connect.c ..\..\..\..\lib\content_encoding.c ..\..\..\..\lib\cookie.c ..\..\..\..\lib\curl_addrinfo.c ..\..\..\..\lib\curl_des.c ..\..\..\..\lib\curl_endian.c ..\..\..\..\lib\curl_fnmatch.c ..\..\..\..\lib\curl_gethostname.c ..\..\..\..\lib\curl_gssapi.c ..\..\..\..\lib\curl_memrchr.c ..\..\..\..\lib\curl_multibyte.c ..\..\..\..\lib\curl_ntlm_core.c ..\..\..\..\lib\curl_ntlm_wb.c ..\..\..\..\lib\curl_rtmp.c ..\..\..\..\lib\curl_sasl.c ..\..\..\..\lib\curl_sspi.c ..\..\..\..\lib\curl_threads.c ..\..\..\..\lib\dict.c ..\..\..\..\lib\dotdot.c ..\..\..\..\lib\easy.c ..\..\..\..\lib\escape.c ..\..\..\..\lib\file.c ..\..\..\..\lib\fileinfo.c ..\..\..\..\lib\formdata.c ..\..\..\..\lib\ftp.c ..\..\..\..\lib\ftplistparser.c ..\..\..\..\lib\getenv.c ..\..\..\..\lib\getinfo.c ..\..\..\..\lib\gopher.c ..\..\..\..\lib\hash.c ..\..\..\..\lib\hmac.c ..\..\..\..\lib\hostasyn.c ..\..\..\..\lib\hostcheck.c ..\..\..\..\lib\hostip4.c ..\..\..\..\lib\hostip6.c ..\..\..\..\lib\hostip.c ..\..\..\..\lib\hostsyn.c ..\..\..\..\lib\http2.c ..\..\..\..\lib\http.c ..\..\..\..\lib\http_chunks.c ..\..\..\..\lib\http_digest.c ..\..\..\..\lib\http_negotiate.c ..\..\..\..\lib\http_ntlm.c ..\..\..\..\lib\http_proxy.c ..\..\..\..\lib\idn_win32.c ..\..\..\..\lib\if2ip.c ..\..\..\..\lib\imap.c ..\..\..\..\lib\inet_ntop.c ..\..\..\..\lib\inet_pton.c ..\..\..\..\lib\krb5.c ..\..\..\..\lib\ldap.c ..\..\..\..\lib\llist.c ..\..\..\..\lib\md4.c ..\..\..\..\lib\md5.c ..\..\..\..\lib\memdebug.c ..\..\..\..\lib\mprintf.c ..\..\..\..\lib\multi.c ..\..\..\..\lib\netrc.c "..\..\..\..\lib\non-ascii.c" ..\..\..\..\lib\nonblock.c ..\..\..\..\lib\openldap.c ..\..\..\..\lib\parsedate.c ..\..\..\..\lib\pingpong.c ..\..\..\..\lib\pipeline.c ..\..\..\..\lib\pop3.c ..\..\..\..\lib\progress.c ..\..\..\..\lib\rand.c ..\..\..\..\lib\rtsp.c ..\..\..\..\lib\security.c ..\..\..\..\lib\select.c ..\..\..\..\lib\sendf.c ..\..\..\..\lib\share.c ..\..\..\..\lib\slist.c ..\..\..\..\lib\smb.c ..\..\..\..\lib\smtp.c ..\..\..\..\lib\socks.c ..\..\..\..\lib\socks_gssapi.c ..\..\..\..\lib\socks_sspi.c ..\..\..\..\lib\speedcheck.c ..\..\..\..\lib\splay.c ..\..\..\..\lib\ssh.c ..\..\..\..\lib\strcase.c ..\..\..\..\lib\strdup.c ..\..\..\..\lib\strerror.c ..\..\..\..\lib\strtok.c ..\..\..\..\lib\strtoofft.c ..\..\..\..\lib\system_win32.c ..\..\..\..\lib\telnet.c ..\..\..\..\lib\tftp.c ..\..\..\..\lib\timeval.c ..\..\..\..\lib\transfer.c ..\..\..\..\lib\url.c ..\..\..\..\lib\version.c ..\..\..\..\lib\warnless.c ..\..\..\..\lib\wildcard.c ..\..\..\..\lib\x509asn1.c ..\..\..\..\lib\vauth\cleartext.c ..\..\..\..\lib\vauth\cram.c ..\..\..\..\lib\vauth\digest.c ..\..\..\..\lib\vauth\digest_sspi.c ..\..\..\..\lib\vauth\krb5_gssapi.c ..\..\..\..\lib\vauth\krb5_sspi.c ..\..\..\..\lib\vauth\ntlm.c ..\..\..\..\lib\vauth\ntlm_sspi.c ..\..\..\..\lib\vauth\oauth2.c ..\..\..\..\lib\vauth\spnego_gssapi.c ..\..\..\..\lib\vauth\spnego_sspi.c ..\..\..\..\lib\vauth\vauth.c ..\..\..\..\lib\vtls\axtls.c ..\..\..\..\lib\vtls\cyassl.c ..\..\..\..\lib\vtls\darwinssl.c ..\..\..\..\lib\vtls\gskit.c ..\..\..\..\lib\vtls\gtls.c ..\..\..\..\lib\vtls\mbedtls.c ..\..\..\..\lib\vtls\nss.c ..\..\..\..\lib\vtls\openssl.c ..\..\..\..\lib\vtls\polarssl.c ..\..\..\..\lib\vtls\polarssl_threadlock.c ..\..\..\..\lib\vtls\schannel.c ..\..\..\..\lib\vtls\vtls.c
         amigaos.c
         asyn-ares.c
         asyn-thread.c
         base64.c
         conncache.c
         connect.c
     1>..\..\..\..\lib\connect.c(1264): warning C4127: 条件表达式是常量
     1>..\..\..\..\lib\connect.c(1413): warning C4127: 条件表达式是常量
         content_encoding.c
         cookie.c
     1>..\..\..\..\lib\cookie.c(921): warning C4127: 条件表达式是常量
     1>..\..\..\..\lib\cookie.c(1076): warning C4127: 条件表达式是常量
     1>..\..\..\..\lib\cookie.c(1077): warning C4127: 条件表达式是常量
     1>..\..\..\..\lib\cookie.c(1078): warning C4127: 条件表达式是常量
     1>..\..\..\..\lib\cookie.c(1079): warning C4127: 条件表达式是常量
     1>..\..\..\..\lib\cookie.c(1080): warning C4127: 条件表达式是常量
     1>..\..\..\..\lib\cookie.c(1081): warning C4127: 条件表达式是常量
     1>..\..\..\..\lib\cookie.c(1082): warning C4127: 条件表达式是常量
     1>..\..\..\..\lib\cookie.c(1083): warning C4127: 条件表达式是常量
         curl_addrinfo.c
         curl_des.c
         curl_endian.c
         curl_fnmatch.c
         curl_gethostname.c
         curl_gssapi.c
         curl_memrchr.c
         curl_multibyte.c
         curl_ntlm_core.c
         curl_ntlm_wb.c
         curl_rtmp.c
         curl_sasl.c
         正在生成代码...
         正在编译...
         curl_sspi.c
         curl_threads.c
         dict.c
         dotdot.c
         easy.c
     1>..\..\..\..\lib\easy.c(218): warning C4127: 条件表达式是常量
         escape.c
         file.c
         fileinfo.c
         formdata.c
         ftp.c
         ftplistparser.c
         getenv.c
         getinfo.c
         gopher.c
         hash.c
         hmac.c
         hostasyn.c
         hostcheck.c
         hostip4.c
         hostip6.c
         正在生成代码...
         正在编译...
         hostip.c
         hostsyn.c
         http2.c
         http.c
         http_chunks.c
         http_digest.c
         http_negotiate.c
         http_ntlm.c
         http_proxy.c
         idn_win32.c
         if2ip.c
         imap.c
         inet_ntop.c
         inet_pton.c
         krb5.c
         ldap.c
         llist.c
         md4.c
         md5.c
         memdebug.c
         正在生成代码...
         正在编译...
         mprintf.c
         multi.c
     1>..\..\..\..\lib\multi.c(935): warning C4127: 条件表达式是常量
     1>..\..\..\..\lib\multi.c(936): warning C4127: 条件表达式是常量
     1>..\..\..\..\lib\multi.c(939): warning C4127: 条件表达式是常量
     1>..\..\..\..\lib\multi.c(940): warning C4127: 条件表达式是常量
         netrc.c
         non-ascii.c
         nonblock.c
         openldap.c
         parsedate.c
         pingpong.c
     1>..\..\..\..\lib\pingpong.c(104): warning C4127: 条件表达式是常量
     1>..\..\..\..\lib\pingpong.c(109): warning C4127: 条件表达式是常量
         pipeline.c
         pop3.c
         progress.c
         rand.c
         rtsp.c
         security.c
         select.c
     1>..\..\..\..\lib\select.c(270): warning C4127: 条件表达式是常量
     1>..\..\..\..\lib\select.c(271): warning C4127: 条件表达式是常量
     1>..\..\..\..\lib\select.c(276): warning C4127: 条件表达式是常量
     1>..\..\..\..\lib\select.c(277): warning C4127: 条件表达式是常量
     1>..\..\..\..\lib\select.c(285): warning C4127: 条件表达式是常量
     1>..\..\..\..\lib\select.c(286): warning C4127: 条件表达式是常量
     1>..\..\..\..\lib\select.c(484): warning C4127: 条件表达式是常量
     1>..\..\..\..\lib\select.c(486): warning C4127: 条件表达式是常量
     1>..\..\..\..\lib\select.c(488): warning C4127: 条件表达式是常量
         sendf.c
         share.c
         slist.c
         smb.c
         smtp.c
         正在生成代码...
         正在编译...
         socks.c
         socks_gssapi.c
         socks_sspi.c
         speedcheck.c
         splay.c
         ssh.c
         strcase.c
         strdup.c
         strerror.c
         strtok.c
         strtoofft.c
         system_win32.c
         telnet.c
         tftp.c
         timeval.c
         transfer.c
         url.c
     1>..\..\..\..\lib\url.c(1060): warning C4127: 条件表达式是常量
     1>..\..\..\..\lib\url.c(2160): warning C4127: 条件表达式是常量
     1>..\..\..\..\lib\url.c(2192): warning C4127: 条件表达式是常量
     1>..\..\..\..\lib\url.c(3554): warning C4127: 条件表达式是常量
         version.c
         warnless.c
         wildcard.c
         正在生成代码...
         正在编译...
         x509asn1.c
         cleartext.c
         cram.c
         digest.c
         digest_sspi.c
         krb5_gssapi.c
         krb5_sspi.c
         ntlm.c
         ntlm_sspi.c
         oauth2.c
         spnego_gssapi.c
         spnego_sspi.c
         vauth.c
         axtls.c
         cyassl.c
         darwinssl.c
         gskit.c
         gtls.c
         mbedtls.c
         nss.c
         正在生成代码...
         正在编译...
         openssl.c
         polarssl.c
         polarssl_threadlock.c
         schannel.c
         vtls.c
         正在生成代码...
       ResourceCompile:
         c:\Program Files (x86)\Microsoft SDKs\Windows\v7.0A\bin\rc.exe /D NDEBUG /l"0x0409" /nologo /fo"..\..\..\..\build\Win32\VC10\DLL Release\lib\libcurl.res" ..\..\..\..\lib\libcurl.rc 
       Link:
         c:\soft\vs2010\VC\bin\link.exe /ERRORREPORT:PROMPT /OUT:"..\..\..\..\build\Win32\VC10\DLL Release\libcurl.dll" /INCREMENTAL:NO /NOLOGO ws2_32.lib wldap32.lib kernel32.lib user32.lib gdi32.lib winspool.lib comdlg32.lib advapi32.lib shell32.lib ole32.lib oleaut32.lib uuid.lib odbc32.lib odbccp32.lib /MANIFEST /ManifestFile:"..\..\..\..\build\Win32\VC10\DLL Release\lib\libcurl.dll.intermediate.manifest" /MANIFESTUAC:"level='asInvoker' uiAccess='false'" /PDB:"F:\zzc\SuperWisdom\curl\build\Win32\VC10\DLL Release\libcurl.pdb" /TLBID:1 /DYNAMICBASE /NXCOMPAT /IMPLIB:"F:\zzc\SuperWisdom\curl\build\Win32\VC10\DLL Release\libcurl.lib" /MACHINE:X86 /DLL "..\..\..\..\build\Win32\VC10\DLL Release\lib\libcurl.res"
         "..\..\..\..\build\Win32\VC10\DLL Release\lib\amigaos.obj"
         "..\..\..\..\build\Win32\VC10\DLL Release\lib\asyn-ares.obj"
         "..\..\..\..\build\Win32\VC10\DLL Release\lib\asyn-thread.obj"
         "..\..\..\..\build\Win32\VC10\DLL Release\lib\base64.obj"
         "..\..\..\..\build\Win32\VC10\DLL Release\lib\conncache.obj"
         "..\..\..\..\build\Win32\VC10\DLL Release\lib\connect.obj"
         "..\..\..\..\build\Win32\VC10\DLL Release\lib\content_encoding.obj"
         "..\..\..\..\build\Win32\VC10\DLL Release\lib\cookie.obj"
         "..\..\..\..\build\Win32\VC10\DLL Release\lib\curl_addrinfo.obj"
         "..\..\..\..\build\Win32\VC10\DLL Release\lib\curl_des.obj"
         "..\..\..\..\build\Win32\VC10\DLL Release\lib\curl_endian.obj"
         "..\..\..\..\build\Win32\VC10\DLL Release\lib\curl_fnmatch.obj"
         "..\..\..\..\build\Win32\VC10\DLL Release\lib\curl_gethostname.obj"
         "..\..\..\..\build\Win32\VC10\DLL Release\lib\curl_gssapi.obj"
         "..\..\..\..\build\Win32\VC10\DLL Release\lib\curl_memrchr.obj"
         "..\..\..\..\build\Win32\VC10\DLL Release\lib\curl_multibyte.obj"
         "..\..\..\..\build\Win32\VC10\DLL Release\lib\curl_ntlm_core.obj"
         "..\..\..\..\build\Win32\VC10\DLL Release\lib\curl_ntlm_wb.obj"
         "..\..\..\..\build\Win32\VC10\DLL Release\lib\curl_rtmp.obj"
         "..\..\..\..\build\Win32\VC10\DLL Release\lib\curl_sasl.obj"
         "..\..\..\..\build\Win32\VC10\DLL Release\lib\curl_sspi.obj"
         "..\..\..\..\build\Win32\VC10\DLL Release\lib\curl_threads.obj"
         "..\..\..\..\build\Win32\VC10\DLL Release\lib\dict.obj"
         "..\..\..\..\build\Win32\VC10\DLL Release\lib\dotdot.obj"
         "..\..\..\..\build\Win32\VC10\DLL Release\lib\easy.obj"
         "..\..\..\..\build\Win32\VC10\DLL Release\lib\escape.obj"
         "..\..\..\..\build\Win32\VC10\DLL Release\lib\file.obj"
         "..\..\..\..\build\Win32\VC10\DLL Release\lib\fileinfo.obj"
         "..\..\..\..\build\Win32\VC10\DLL Release\lib\formdata.obj"
         "..\..\..\..\build\Win32\VC10\DLL Release\lib\ftp.obj"
         "..\..\..\..\build\Win32\VC10\DLL Release\lib\ftplistparser.obj"
         "..\..\..\..\build\Win32\VC10\DLL Release\lib\getenv.obj"
         "..\..\..\..\build\Win32\VC10\DLL Release\lib\getinfo.obj"
         "..\..\..\..\build\Win32\VC10\DLL Release\lib\gopher.obj"
         "..\..\..\..\build\Win32\VC10\DLL Release\lib\hash.obj"
         "..\..\..\..\build\Win32\VC10\DLL Release\lib\hmac.obj"
         "..\..\..\..\build\Win32\VC10\DLL Release\lib\hostasyn.obj"
         "..\..\..\..\build\Win32\VC10\DLL Release\lib\hostcheck.obj"
         "..\..\..\..\build\Win32\VC10\DLL Release\lib\hostip4.obj"
         "..\..\..\..\build\Win32\VC10\DLL Release\lib\hostip6.obj"
         "..\..\..\..\build\Win32\VC10\DLL Release\lib\hostip.obj"
         "..\..\..\..\build\Win32\VC10\DLL Release\lib\hostsyn.obj"
         "..\..\..\..\build\Win32\VC10\DLL Release\lib\http2.obj"
         "..\..\..\..\build\Win32\VC10\DLL Release\lib\http.obj"
         "..\..\..\..\build\Win32\VC10\DLL Release\lib\http_chunks.obj"
         "..\..\..\..\build\Win32\VC10\DLL Release\lib\http_digest.obj"
         "..\..\..\..\build\Win32\VC10\DLL Release\lib\http_negotiate.obj"
         "..\..\..\..\build\Win32\VC10\DLL Release\lib\http_ntlm.obj"
         "..\..\..\..\build\Win32\VC10\DLL Release\lib\http_proxy.obj"
         "..\..\..\..\build\Win32\VC10\DLL Release\lib\idn_win32.obj"
         "..\..\..\..\build\Win32\VC10\DLL Release\lib\if2ip.obj"
         "..\..\..\..\build\Win32\VC10\DLL Release\lib\imap.obj"
         "..\..\..\..\build\Win32\VC10\DLL Release\lib\inet_ntop.obj"
         "..\..\..\..\build\Win32\VC10\DLL Release\lib\inet_pton.obj"
         "..\..\..\..\build\Win32\VC10\DLL Release\lib\krb5.obj"
         "..\..\..\..\build\Win32\VC10\DLL Release\lib\ldap.obj"
         "..\..\..\..\build\Win32\VC10\DLL Release\lib\llist.obj"
         "..\..\..\..\build\Win32\VC10\DLL Release\lib\md4.obj"
         "..\..\..\..\build\Win32\VC10\DLL Release\lib\md5.obj"
         "..\..\..\..\build\Win32\VC10\DLL Release\lib\memdebug.obj"
         "..\..\..\..\build\Win32\VC10\DLL Release\lib\mprintf.obj"
         "..\..\..\..\build\Win32\VC10\DLL Release\lib\multi.obj"
         "..\..\..\..\build\Win32\VC10\DLL Release\lib\netrc.obj"
         "..\..\..\..\build\Win32\VC10\DLL Release\lib\non-ascii.obj"
         "..\..\..\..\build\Win32\VC10\DLL Release\lib\nonblock.obj"
         "..\..\..\..\build\Win32\VC10\DLL Release\lib\openldap.obj"
         "..\..\..\..\build\Win32\VC10\DLL Release\lib\parsedate.obj"
         "..\..\..\..\build\Win32\VC10\DLL Release\lib\pingpong.obj"
         "..\..\..\..\build\Win32\VC10\DLL Release\lib\pipeline.obj"
         "..\..\..\..\build\Win32\VC10\DLL Release\lib\pop3.obj"
         "..\..\..\..\build\Win32\VC10\DLL Release\lib\progress.obj"
         "..\..\..\..\build\Win32\VC10\DLL Release\lib\rand.obj"
         "..\..\..\..\build\Win32\VC10\DLL Release\lib\rtsp.obj"
         "..\..\..\..\build\Win32\VC10\DLL Release\lib\security.obj"
         "..\..\..\..\build\Win32\VC10\DLL Release\lib\select.obj"
         "..\..\..\..\build\Win32\VC10\DLL Release\lib\sendf.obj"
         "..\..\..\..\build\Win32\VC10\DLL Release\lib\share.obj"
         "..\..\..\..\build\Win32\VC10\DLL Release\lib\slist.obj"
         "..\..\..\..\build\Win32\VC10\DLL Release\lib\smb.obj"
         "..\..\..\..\build\Win32\VC10\DLL Release\lib\smtp.obj"
         "..\..\..\..\build\Win32\VC10\DLL Release\lib\socks.obj"
         "..\..\..\..\build\Win32\VC10\DLL Release\lib\socks_gssapi.obj"
         "..\..\..\..\build\Win32\VC10\DLL Release\lib\socks_sspi.obj"
         "..\..\..\..\build\Win32\VC10\DLL Release\lib\speedcheck.obj"
         "..\..\..\..\build\Win32\VC10\DLL Release\lib\splay.obj"
         "..\..\..\..\build\Win32\VC10\DLL Release\lib\ssh.obj"
         "..\..\..\..\build\Win32\VC10\DLL Release\lib\strcase.obj"
         "..\..\..\..\build\Win32\VC10\DLL Release\lib\strdup.obj"
         "..\..\..\..\build\Win32\VC10\DLL Release\lib\strerror.obj"
         "..\..\..\..\build\Win32\VC10\DLL Release\lib\strtok.obj"
         "..\..\..\..\build\Win32\VC10\DLL Release\lib\strtoofft.obj"
         "..\..\..\..\build\Win32\VC10\DLL Release\lib\system_win32.obj"
         "..\..\..\..\build\Win32\VC10\DLL Release\lib\telnet.obj"
         "..\..\..\..\build\Win32\VC10\DLL Release\lib\tftp.obj"
         "..\..\..\..\build\Win32\VC10\DLL Release\lib\timeval.obj"
         "..\..\..\..\build\Win32\VC10\DLL Release\lib\transfer.obj"
         "..\..\..\..\build\Win32\VC10\DLL Release\lib\url.obj"
         "..\..\..\..\build\Win32\VC10\DLL Release\lib\version.obj"
         "..\..\..\..\build\Win32\VC10\DLL Release\lib\warnless.obj"
         "..\..\..\..\build\Win32\VC10\DLL Release\lib\wildcard.obj"
         "..\..\..\..\build\Win32\VC10\DLL Release\lib\x509asn1.obj"
         "..\..\..\..\build\Win32\VC10\DLL Release\lib\cleartext.obj"
         "..\..\..\..\build\Win32\VC10\DLL Release\lib\cram.obj"
         "..\..\..\..\build\Win32\VC10\DLL Release\lib\digest.obj"
         "..\..\..\..\build\Win32\VC10\DLL Release\lib\digest_sspi.obj"
         "..\..\..\..\build\Win32\VC10\DLL Release\lib\krb5_gssapi.obj"
         "..\..\..\..\build\Win32\VC10\DLL Release\lib\krb5_sspi.obj"
         "..\..\..\..\build\Win32\VC10\DLL Release\lib\ntlm.obj"
         "..\..\..\..\build\Win32\VC10\DLL Release\lib\ntlm_sspi.obj"
         "..\..\..\..\build\Win32\VC10\DLL Release\lib\oauth2.obj"
         "..\..\..\..\build\Win32\VC10\DLL Release\lib\spnego_gssapi.obj"
         "..\..\..\..\build\Win32\VC10\DLL Release\lib\spnego_sspi.obj"
         "..\..\..\..\build\Win32\VC10\DLL Release\lib\vauth.obj"
         "..\..\..\..\build\Win32\VC10\DLL Release\lib\axtls.obj"
         "..\..\..\..\build\Win32\VC10\DLL Release\lib\cyassl.obj"
         "..\..\..\..\build\Win32\VC10\DLL Release\lib\darwinssl.obj"
         "..\..\..\..\build\Win32\VC10\DLL Release\lib\gskit.obj"
         "..\..\..\..\build\Win32\VC10\DLL Release\lib\gtls.obj"
         "..\..\..\..\build\Win32\VC10\DLL Release\lib\mbedtls.obj"
         "..\..\..\..\build\Win32\VC10\DLL Release\lib\nss.obj"
         "..\..\..\..\build\Win32\VC10\DLL Release\lib\openssl.obj"
         "..\..\..\..\build\Win32\VC10\DLL Release\lib\polarssl.obj"
         "..\..\..\..\build\Win32\VC10\DLL Release\lib\polarssl_threadlock.obj"
         "..\..\..\..\build\Win32\VC10\DLL Release\lib\schannel.obj"
         "..\..\..\..\build\Win32\VC10\DLL Release\lib\vtls.obj"
            正在创建库 F:\zzc\SuperWisdom\curl\build\Win32\VC10\DLL Release\libcurl.lib 和对象 F:\zzc\SuperWisdom\curl\build\Win32\VC10\DLL Release\libcurl.exp
         libcurl.vcxproj -> F:\zzc\SuperWisdom\curl\projects\Windows\VC10\lib\..\..\..\..\build\Win32\VC10\DLL Release\libcurl.dll
       Manifest:
         c:\Program Files (x86)\Microsoft SDKs\Windows\v7.0A\bin\mt.exe /nologo /verbose /outputresource:"..\..\..\..\build\Win32\VC10\DLL Release\libcurl.dll;#2" /manifest "..\..\..\..\build\Win32\VC10\DLL Release\lib\libcurl.dll.intermediate.manifest"
       FinalizeBuildStatus:
         正在删除文件“..\..\..\..\build\Win32\VC10\DLL Release\lib\libcurl.unsuccessfulbuild”。
         正在对“..\..\..\..\build\Win32\VC10\DLL Release\lib\libcurl.lastbuildstate”执行 Touch 任务。
     1>已完成生成项目“F:\zzc\SuperWisdom\curl\projects\Windows\VC10\lib\libcurl.vcxproj”(build 个目标)的操作。

生成成功。

已用时间 00:00:28.88
