生成启动时间为 2017-6-22 17:01:00。
     1>项目“F:\zzc\SuperWisdom\curl\projects\Windows\VC10\lib\libcurl.vcxproj”在节点 2 上(build 个目标)。
     1>InitializeBuildStatus:
         正在创建“..\..\..\..\build\Win32\VC10\DLL Debug - DLL OpenSSL - DLL LibSSH2\lib\libcurl.unsuccessfulbuild”，因为已指定“AlwaysCreate”。
       ClCompile:
         c:\soft\vs2010\VC\bin\CL.exe /c /I..\..\..\..\include /I..\..\..\..\lib /I..\..\..\..\..\openssl\inc32 /I..\..\..\..\..\libssh2\include /Zi /nologo /W4 /WX- /Od /Oy- /D _DEBUG /D BUILDING_LIBCURL /D DEBUGBUILD /D USE_OPENSSL /D USE_LIBSSH2 /D HAVE_LIBSSH2_H /D _WINDLL /D _MBCS /Gm /EHsc /RTC1 /MDd /GS /fp:precise /Zc:wchar_t /Zc:forScope /Fo"..\..\..\..\build\Win32\VC10\DLL Debug - DLL OpenSSL - DLL LibSSH2\lib\\" /Fd"..\..\..\..\build\Win32\VC10\DLL Debug - DLL OpenSSL - DLL LibSSH2\lib\vc100.pdb" /Gd /TC /analyze- /errorReport:prompt ..\..\..\..\lib\amigaos.c "..\..\..\..\lib\asyn-ares.c" "..\..\..\..\lib\asyn-thread.c" ..\..\..\..\lib\base64.c ..\..\..\..\lib\conncache.c ..\..\..\..\lib\connect.c ..\..\..\..\lib\content_encoding.c ..\..\..\..\lib\cookie.c ..\..\..\..\lib\curl_addrinfo.c ..\..\..\..\lib\curl_des.c ..\..\..\..\lib\curl_endian.c ..\..\..\..\lib\curl_fnmatch.c ..\..\..\..\lib\curl_gethostname.c ..\..\..\..\lib\curl_gssapi.c ..\..\..\..\lib\curl_memrchr.c ..\..\..\..\lib\curl_multibyte.c ..\..\..\..\lib\curl_ntlm_core.c ..\..\..\..\lib\curl_ntlm_wb.c ..\..\..\..\lib\curl_rtmp.c ..\..\..\..\lib\curl_sasl.c ..\..\..\..\lib\curl_sspi.c ..\..\..\..\lib\curl_threads.c ..\..\..\..\lib\dict.c ..\..\..\..\lib\dotdot.c ..\..\..\..\lib\easy.c ..\..\..\..\lib\escape.c ..\..\..\..\lib\file.c ..\..\..\..\lib\fileinfo.c ..\..\..\..\lib\formdata.c ..\..\..\..\lib\ftp.c ..\..\..\..\lib\ftplistparser.c ..\..\..\..\lib\getenv.c ..\..\..\..\lib\getinfo.c ..\..\..\..\lib\gopher.c ..\..\..\..\lib\hash.c ..\..\..\..\lib\hmac.c ..\..\..\..\lib\hostasyn.c ..\..\..\..\lib\hostcheck.c ..\..\..\..\lib\hostip4.c ..\..\..\..\lib\hostip6.c ..\..\..\..\lib\hostip.c ..\..\..\..\lib\hostsyn.c ..\..\..\..\lib\http2.c ..\..\..\..\lib\http.c ..\..\..\..\lib\http_chunks.c ..\..\..\..\lib\http_digest.c ..\..\..\..\lib\http_negotiate.c ..\..\..\..\lib\http_ntlm.c ..\..\..\..\lib\http_proxy.c ..\..\..\..\lib\idn_win32.c ..\..\..\..\lib\if2ip.c ..\..\..\..\lib\imap.c ..\..\..\..\lib\inet_ntop.c ..\..\..\..\lib\inet_pton.c ..\..\..\..\lib\krb5.c ..\..\..\..\lib\ldap.c ..\..\..\..\lib\llist.c ..\..\..\..\lib\md4.c ..\..\..\..\lib\md5.c ..\..\..\..\lib\memdebug.c ..\..\..\..\lib\mprintf.c ..\..\..\..\lib\multi.c ..\..\..\..\lib\netrc.c "..\..\..\..\lib\non-ascii.c" ..\..\..\..\lib\nonblock.c ..\..\..\..\lib\openldap.c ..\..\..\..\lib\parsedate.c ..\..\..\..\lib\pingpong.c ..\..\..\..\lib\pipeline.c ..\..\..\..\lib\pop3.c ..\..\..\..\lib\progress.c ..\..\..\..\lib\rand.c ..\..\..\..\lib\rtsp.c ..\..\..\..\lib\security.c ..\..\..\..\lib\select.c ..\..\..\..\lib\sendf.c ..\..\..\..\lib\share.c ..\..\..\..\lib\slist.c ..\..\..\..\lib\smb.c ..\..\..\..\lib\smtp.c ..\..\..\..\lib\socks.c ..\..\..\..\lib\socks_gssapi.c ..\..\..\..\lib\socks_sspi.c ..\..\..\..\lib\speedcheck.c ..\..\..\..\lib\splay.c ..\..\..\..\lib\ssh.c ..\..\..\..\lib\strcase.c ..\..\..\..\lib\strdup.c ..\..\..\..\lib\strerror.c ..\..\..\..\lib\strtok.c ..\..\..\..\lib\strtoofft.c ..\..\..\..\lib\system_win32.c ..\..\..\..\lib\telnet.c ..\..\..\..\lib\tftp.c ..\..\..\..\lib\timeval.c ..\..\..\..\lib\transfer.c ..\..\..\..\lib\url.c ..\..\..\..\lib\version.c ..\..\..\..\lib\warnless.c ..\..\..\..\lib\wildcard.c ..\..\..\..\lib\x509asn1.c ..\..\..\..\lib\vauth\cleartext.c ..\..\..\..\lib\vauth\cram.c ..\..\..\..\lib\vauth\digest.c ..\..\..\..\lib\vauth\digest_sspi.c ..\..\..\..\lib\vauth\krb5_gssapi.c ..\..\..\..\lib\vauth\krb5_sspi.c ..\..\..\..\lib\vauth\ntlm.c ..\..\..\..\lib\vauth\ntlm_sspi.c ..\..\..\..\lib\vauth\oauth2.c ..\..\..\..\lib\vauth\spnego_gssapi.c ..\..\..\..\lib\vauth\spnego_sspi.c ..\..\..\..\lib\vauth\vauth.c ..\..\..\..\lib\vtls\axtls.c ..\..\..\..\lib\vtls\cyassl.c ..\..\..\..\lib\vtls\darwinssl.c ..\..\..\..\lib\vtls\gskit.c ..\..\..\..\lib\vtls\gtls.c ..\..\..\..\lib\vtls\mbedtls.c ..\..\..\..\lib\vtls\nss.c ..\..\..\..\lib\vtls\openssl.c ..\..\..\..\lib\vtls\polarssl.c ..\..\..\..\lib\vtls\polarssl_threadlock.c ..\..\..\..\lib\vtls\schannel.c ..\..\..\..\lib\vtls\vtls.c
         vtls.c
     1>F:\zzc\SuperWisdom\curl\lib\urldata.h(86): fatal error C1083: 无法打开包括文件:“openssl/ssl.h”: No such file or directory
         schannel.c
         polarssl_threadlock.c
         polarssl.c
         openssl.c
     1>F:\zzc\SuperWisdom\curl\lib\urldata.h(86): fatal error C1083: 无法打开包括文件:“openssl/ssl.h”: No such file or directory
         nss.c
         mbedtls.c
         gtls.c
         gskit.c
         darwinssl.c
     1>F:\zzc\SuperWisdom\curl\lib\urldata.h(86): fatal error C1083: 无法打开包括文件:“openssl/ssl.h”: No such file or directory
         cyassl.c
         axtls.c
         vauth.c
         spnego_sspi.c
         spnego_gssapi.c
         oauth2.c
     1>F:\zzc\SuperWisdom\curl\lib\urldata.h(86): fatal error C1083: 无法打开包括文件:“openssl/ssl.h”: No such file or directory
         ntlm_sspi.c
         ntlm.c
     1>F:\zzc\SuperWisdom\curl\lib\urldata.h(86): fatal error C1083: 无法打开包括文件:“openssl/ssl.h”: No such file or directory
         krb5_sspi.c
         krb5_gssapi.c
         正在生成代码...
         正在编译...
         digest_sspi.c
         digest.c
     1>F:\zzc\SuperWisdom\curl\lib\urldata.h(86): fatal error C1083: 无法打开包括文件:“openssl/ssl.h”: No such file or directory
         cram.c
     1>F:\zzc\SuperWisdom\curl\lib\urldata.h(86): fatal error C1083: 无法打开包括文件:“openssl/ssl.h”: No such file or directory
         cleartext.c
     1>F:\zzc\SuperWisdom\curl\lib\urldata.h(86): fatal error C1083: 无法打开包括文件:“openssl/ssl.h”: No such file or directory
         x509asn1.c
         wildcard.c
         warnless.c
         version.c
     1>f:\zzc\superwisdom\curl\lib\urldata.h(86): fatal error C1083: 无法打开包括文件:“openssl/ssl.h”: No such file or directory
         url.c
     1>f:\zzc\superwisdom\curl\lib\urldata.h(86): fatal error C1083: 无法打开包括文件:“openssl/ssl.h”: No such file or directory
         transfer.c
     1>f:\zzc\superwisdom\curl\lib\urldata.h(86): fatal error C1083: 无法打开包括文件:“openssl/ssl.h”: No such file or directory
         timeval.c
         tftp.c
     1>f:\zzc\superwisdom\curl\lib\urldata.h(86): fatal error C1083: 无法打开包括文件:“openssl/ssl.h”: No such file or directory
         telnet.c
     1>f:\zzc\superwisdom\curl\lib\urldata.h(86): fatal error C1083: 无法打开包括文件:“openssl/ssl.h”: No such file or directory
         system_win32.c
         strtoofft.c
         strtok.c
         strerror.c
     1>f:\zzc\superwisdom\curl\lib\urldata.h(86): fatal error C1083: 无法打开包括文件:“openssl/ssl.h”: No such file or directory
         strdup.c
         strcase.c
         ssh.c
     1>..\..\..\..\lib\ssh.c(33): fatal error C1083: 无法打开包括文件:“libssh2.h”: No such file or directory
         正在生成代码...
         正在编译...
         splay.c
         speedcheck.c
     1>f:\zzc\superwisdom\curl\lib\urldata.h(86): fatal error C1083: 无法打开包括文件:“openssl/ssl.h”: No such file or directory
         socks_sspi.c
         socks_gssapi.c
         socks.c
     1>f:\zzc\superwisdom\curl\lib\urldata.h(86): fatal error C1083: 无法打开包括文件:“openssl/ssl.h”: No such file or directory
         smtp.c
     1>f:\zzc\superwisdom\curl\lib\urldata.h(86): fatal error C1083: 无法打开包括文件:“openssl/ssl.h”: No such file or directory
         smb.c
     1>f:\zzc\superwisdom\curl\lib\urldata.h(86): fatal error C1083: 无法打开包括文件:“openssl/ssl.h”: No such file or directory
         slist.c
         share.c
     1>f:\zzc\superwisdom\curl\lib\urldata.h(86): fatal error C1083: 无法打开包括文件:“openssl/ssl.h”: No such file or directory
         sendf.c
     1>f:\zzc\superwisdom\curl\lib\urldata.h(86): fatal error C1083: 无法打开包括文件:“openssl/ssl.h”: No such file or directory
         select.c
     1>f:\zzc\superwisdom\curl\lib\urldata.h(86): fatal error C1083: 无法打开包括文件:“openssl/ssl.h”: No such file or directory
         security.c
         rtsp.c
     1>f:\zzc\superwisdom\curl\lib\urldata.h(86): fatal error C1083: 无法打开包括文件:“openssl/ssl.h”: No such file or directory
         rand.c
     1>f:\zzc\superwisdom\curl\lib\urldata.h(86): fatal error C1083: 无法打开包括文件:“openssl/ssl.h”: No such file or directory
         progress.c
     1>f:\zzc\superwisdom\curl\lib\urldata.h(86): fatal error C1083: 无法打开包括文件:“openssl/ssl.h”: No such file or directory
         pop3.c
     1>f:\zzc\superwisdom\curl\lib\urldata.h(86): fatal error C1083: 无法打开包括文件:“openssl/ssl.h”: No such file or directory
         pipeline.c
     1>f:\zzc\superwisdom\curl\lib\urldata.h(86): fatal error C1083: 无法打开包括文件:“openssl/ssl.h”: No such file or directory
         pingpong.c
     1>f:\zzc\superwisdom\curl\lib\urldata.h(86): fatal error C1083: 无法打开包括文件:“openssl/ssl.h”: No such file or directory
         parsedate.c
         openldap.c
         正在生成代码...
         正在编译...
         nonblock.c
         non-ascii.c
         netrc.c
         multi.c
     1>f:\zzc\superwisdom\curl\lib\urldata.h(86): fatal error C1083: 无法打开包括文件:“openssl/ssl.h”: No such file or directory
         mprintf.c
         memdebug.c
         md5.c
     1>..\..\..\..\lib\md5.c(88): fatal error C1083: 无法打开包括文件:“openssl/md5.h”: No such file or directory
         md4.c
         llist.c
         ldap.c
     1>f:\zzc\superwisdom\curl\lib\urldata.h(86): fatal error C1083: 无法打开包括文件:“openssl/ssl.h”: No such file or directory
         krb5.c
         inet_pton.c
         inet_ntop.c
         imap.c
     1>f:\zzc\superwisdom\curl\lib\urldata.h(86): fatal error C1083: 无法打开包括文件:“openssl/ssl.h”: No such file or directory
         if2ip.c
         idn_win32.c
         http_proxy.c
     1>f:\zzc\superwisdom\curl\lib\urldata.h(86): fatal error C1083: 无法打开包括文件:“openssl/ssl.h”: No such file or directory
         http_ntlm.c
     1>f:\zzc\superwisdom\curl\lib\urldata.h(86): fatal error C1083: 无法打开包括文件:“openssl/ssl.h”: No such file or directory
         http_negotiate.c
         http_digest.c
     1>f:\zzc\superwisdom\curl\lib\urldata.h(86): fatal error C1083: 无法打开包括文件:“openssl/ssl.h”: No such file or directory
         正在生成代码...
         正在编译...
         http_chunks.c
     1>f:\zzc\superwisdom\curl\lib\urldata.h(86): fatal error C1083: 无法打开包括文件:“openssl/ssl.h”: No such file or directory
         http.c
     1>f:\zzc\superwisdom\curl\lib\urldata.h(86): fatal error C1083: 无法打开包括文件:“openssl/ssl.h”: No such file or directory
         http2.c
         hostsyn.c
     1>f:\zzc\superwisdom\curl\lib\urldata.h(86): fatal error C1083: 无法打开包括文件:“openssl/ssl.h”: No such file or directory
         hostip.c
     1>f:\zzc\superwisdom\curl\lib\urldata.h(86): fatal error C1083: 无法打开包括文件:“openssl/ssl.h”: No such file or directory
         hostip6.c
     1>f:\zzc\superwisdom\curl\lib\urldata.h(86): fatal error C1083: 无法打开包括文件:“openssl/ssl.h”: No such file or directory
         hostip4.c
     1>f:\zzc\superwisdom\curl\lib\urldata.h(86): fatal error C1083: 无法打开包括文件:“openssl/ssl.h”: No such file or directory
         hostcheck.c
         hostasyn.c
     1>f:\zzc\superwisdom\curl\lib\urldata.h(86): fatal error C1083: 无法打开包括文件:“openssl/ssl.h”: No such file or directory
         hmac.c
         hash.c
         gopher.c
     1>f:\zzc\superwisdom\curl\lib\urldata.h(86): fatal error C1083: 无法打开包括文件:“openssl/ssl.h”: No such file or directory
         getinfo.c
     1>f:\zzc\superwisdom\curl\lib\urldata.h(86): fatal error C1083: 无法打开包括文件:“openssl/ssl.h”: No such file or directory
         getenv.c
         ftplistparser.c
     1>f:\zzc\superwisdom\curl\lib\urldata.h(86): fatal error C1083: 无法打开包括文件:“openssl/ssl.h”: No such file or directory
         ftp.c
     1>f:\zzc\superwisdom\curl\lib\urldata.h(86): fatal error C1083: 无法打开包括文件:“openssl/ssl.h”: No such file or directory
         formdata.c
     1>f:\zzc\superwisdom\curl\lib\urldata.h(86): fatal error C1083: 无法打开包括文件:“openssl/ssl.h”: No such file or directory
         fileinfo.c
         file.c
     1>f:\zzc\superwisdom\curl\lib\urldata.h(86): fatal error C1083: 无法打开包括文件:“openssl/ssl.h”: No such file or directory
         escape.c
     1>f:\zzc\superwisdom\curl\lib\urldata.h(86): fatal error C1083: 无法打开包括文件:“openssl/ssl.h”: No such file or directory
         正在生成代码...
         正在编译...
         easy.c
     1>f:\zzc\superwisdom\curl\lib\urldata.h(86): fatal error C1083: 无法打开包括文件:“openssl/ssl.h”: No such file or directory
         dotdot.c
         dict.c
     1>f:\zzc\superwisdom\curl\lib\urldata.h(86): fatal error C1083: 无法打开包括文件:“openssl/ssl.h”: No such file or directory
         curl_threads.c
         curl_sspi.c
         curl_sasl.c
     1>f:\zzc\superwisdom\curl\lib\urldata.h(86): fatal error C1083: 无法打开包括文件:“openssl/ssl.h”: No such file or directory
         curl_rtmp.c
         curl_ntlm_wb.c
         curl_ntlm_core.c
     1>..\..\..\..\lib\curl_ntlm_core.c(39): fatal error C1083: 无法打开包括文件:“openssl/des.h”: No such file or directory
         curl_multibyte.c
         curl_memrchr.c
         curl_gssapi.c
         curl_gethostname.c
         curl_fnmatch.c
         curl_endian.c
         curl_des.c
         curl_addrinfo.c
         cookie.c
     1>f:\zzc\superwisdom\curl\lib\urldata.h(86): fatal error C1083: 无法打开包括文件:“openssl/ssl.h”: No such file or directory
         content_encoding.c
         connect.c
     1>f:\zzc\superwisdom\curl\lib\urldata.h(86): fatal error C1083: 无法打开包括文件:“openssl/ssl.h”: No such file or directory
         正在生成代码...
         正在编译...
         conncache.c
     1>f:\zzc\superwisdom\curl\lib\urldata.h(86): fatal error C1083: 无法打开包括文件:“openssl/ssl.h”: No such file or directory
         base64.c
     1>f:\zzc\superwisdom\curl\lib\urldata.h(86): fatal error C1083: 无法打开包括文件:“openssl/ssl.h”: No such file or directory
         asyn-thread.c
     1>f:\zzc\superwisdom\curl\lib\urldata.h(86): fatal error C1083: 无法打开包括文件:“openssl/ssl.h”: No such file or directory
         asyn-ares.c
         amigaos.c
         正在生成代码...
     1>已完成生成项目“F:\zzc\SuperWisdom\curl\projects\Windows\VC10\lib\libcurl.vcxproj”(build 个目标)的操作 - 失败。

生成失败。

已用时间 00:00:28.87
