生成启动时间为 2017-6-22 17:01:29。
     1>项目“F:\zzc\SuperWisdom\curl\projects\Windows\VC10\src\curl.vcxproj”在节点 2 上(build 个目标)。
     1>InitializeBuildStatus:
         正在创建“..\..\..\..\build\Win32\VC10\DLL Debug - DLL OpenSSL - DLL LibSSH2\src\curl.unsuccessfulbuild”，因为已指定“AlwaysCreate”。
       ClCompile:
         c:\soft\vs2010\VC\bin\CL.exe /c /I..\..\..\..\include /I..\..\..\..\lib /Zi /nologo /W4 /WX- /Od /Oy- /D _DEBUG /D _CONSOLE /D DEBUGBUILD /D _MBCS /Gm /EHsc /RTC1 /MDd /GS /fp:precise /Zc:wchar_t /Zc:forScope /Fo"..\..\..\..\build\Win32\VC10\DLL Debug - DLL OpenSSL - DLL LibSSH2\src\\" /Fd"..\..\..\..\build\Win32\VC10\DLL Debug - DLL OpenSSL - DLL LibSSH2\src\vc100.pdb" /Gd /TC /analyze- /errorReport:prompt ..\..\..\..\lib\nonblock.c ..\..\..\..\lib\strtoofft.c ..\..\..\..\lib\warnless.c ..\..\..\..\src\slist_wc.c ..\..\..\..\src\tool_binmode.c ..\..\..\..\src\tool_bname.c ..\..\..\..\src\tool_cb_dbg.c ..\..\..\..\src\tool_cb_hdr.c ..\..\..\..\src\tool_cb_prg.c ..\..\..\..\src\tool_cb_rea.c ..\..\..\..\src\tool_cb_see.c ..\..\..\..\src\tool_cb_wrt.c ..\..\..\..\src\tool_cfgable.c ..\..\..\..\src\tool_convert.c ..\..\..\..\src\tool_dirhie.c ..\..\..\..\src\tool_doswin.c ..\..\..\..\src\tool_easysrc.c ..\..\..\..\src\tool_formparse.c ..\..\..\..\src\tool_getparam.c ..\..\..\..\src\tool_getpass.c ..\..\..\..\src\tool_help.c ..\..\..\..\src\tool_helpers.c ..\..\..\..\src\tool_homedir.c ..\..\..\..\src\tool_hugehelp.c ..\..\..\..\src\tool_libinfo.c ..\..\..\..\src\tool_main.c ..\..\..\..\src\tool_metalink.c ..\..\..\..\src\tool_mfiles.c ..\..\..\..\src\tool_msgs.c ..\..\..\..\src\tool_operate.c ..\..\..\..\src\tool_operhlp.c ..\..\..\..\src\tool_panykey.c ..\..\..\..\src\tool_paramhlp.c ..\..\..\..\src\tool_parsecfg.c ..\..\..\..\src\tool_setopt.c ..\..\..\..\src\tool_sleep.c ..\..\..\..\src\tool_strdup.c ..\..\..\..\src\tool_urlglob.c ..\..\..\..\src\tool_util.c ..\..\..\..\src\tool_vms.c ..\..\..\..\src\tool_writeout.c ..\..\..\..\src\tool_xattr.c
         tool_xattr.c
         tool_writeout.c
         tool_vms.c
         tool_util.c
         tool_urlglob.c
         tool_strdup.c
         tool_sleep.c
         tool_setopt.c
         tool_parsecfg.c
         tool_paramhlp.c
         tool_panykey.c
         tool_operhlp.c
         tool_operate.c
         tool_msgs.c
         tool_mfiles.c
         tool_metalink.c
         tool_main.c
         tool_libinfo.c
         tool_hugehelp.c
         tool_homedir.c
         正在生成代码...
         正在编译...
         tool_helpers.c
         tool_help.c
         tool_getpass.c
         tool_getparam.c
         tool_formparse.c
         tool_easysrc.c
         tool_doswin.c
         tool_dirhie.c
         tool_convert.c
         tool_cfgable.c
         tool_cb_wrt.c
         tool_cb_see.c
         tool_cb_rea.c
         tool_cb_prg.c
         tool_cb_hdr.c
         tool_cb_dbg.c
         tool_bname.c
         tool_binmode.c
         slist_wc.c
         warnless.c
         正在生成代码...
         正在编译...
         strtoofft.c
         nonblock.c
         正在生成代码...
       ResourceCompile:
         c:\Program Files (x86)\Microsoft SDKs\Windows\v7.0A\bin\rc.exe /D _DEBUG /l"0x0409" /I..\..\..\..\include /nologo /fo"..\..\..\..\build\Win32\VC10\DLL Debug - DLL OpenSSL - DLL LibSSH2\src\curl.res" ..\..\..\..\src\curl.rc 
       Link:
         c:\soft\vs2010\VC\bin\link.exe /ERRORREPORT:PROMPT /OUT:"..\..\..\..\build\Win32\VC10\DLL Debug - DLL OpenSSL - DLL LibSSH2\curld.exe" /INCREMENTAL:NO /NOLOGO /LIBPATH:"..\..\..\..\build\Win32\VC10\DLL Debug - DLL OpenSSL - DLL LibSSH2" ws2_32.lib wldap32.lib libcurld.lib kernel32.lib user32.lib gdi32.lib winspool.lib comdlg32.lib advapi32.lib shell32.lib ole32.lib oleaut32.lib uuid.lib odbc32.lib odbccp32.lib /MANIFEST /ManifestFile:"..\..\..\..\build\Win32\VC10\DLL Debug - DLL OpenSSL - DLL LibSSH2\src\curld.exe.intermediate.manifest" /MANIFESTUAC:"level='asInvoker' uiAccess='false'" /DEBUG /PDB:"F:\zzc\SuperWisdom\curl\build\Win32\VC10\DLL Debug - DLL OpenSSL - DLL LibSSH2\curld.pdb" /SUBSYSTEM:CONSOLE /TLBID:1 /DYNAMICBASE /NXCOMPAT /IMPLIB:"..\..\..\..\build\Win32\VC10\DLL Debug - DLL OpenSSL - DLL LibSSH2\curld.lib" /MACHINE:X86 "..\..\..\..\build\Win32\VC10\DLL Debug - DLL OpenSSL - DLL LibSSH2\src\curl.res"
         "..\..\..\..\build\Win32\VC10\DLL Debug - DLL OpenSSL - DLL LibSSH2\src\nonblock.obj"
         "..\..\..\..\build\Win32\VC10\DLL Debug - DLL OpenSSL - DLL LibSSH2\src\strtoofft.obj"
         "..\..\..\..\build\Win32\VC10\DLL Debug - DLL OpenSSL - DLL LibSSH2\src\warnless.obj"
         "..\..\..\..\build\Win32\VC10\DLL Debug - DLL OpenSSL - DLL LibSSH2\src\slist_wc.obj"
         "..\..\..\..\build\Win32\VC10\DLL Debug - DLL OpenSSL - DLL LibSSH2\src\tool_binmode.obj"
         "..\..\..\..\build\Win32\VC10\DLL Debug - DLL OpenSSL - DLL LibSSH2\src\tool_bname.obj"
         "..\..\..\..\build\Win32\VC10\DLL Debug - DLL OpenSSL - DLL LibSSH2\src\tool_cb_dbg.obj"
         "..\..\..\..\build\Win32\VC10\DLL Debug - DLL OpenSSL - DLL LibSSH2\src\tool_cb_hdr.obj"
         "..\..\..\..\build\Win32\VC10\DLL Debug - DLL OpenSSL - DLL LibSSH2\src\tool_cb_prg.obj"
         "..\..\..\..\build\Win32\VC10\DLL Debug - DLL OpenSSL - DLL LibSSH2\src\tool_cb_rea.obj"
         "..\..\..\..\build\Win32\VC10\DLL Debug - DLL OpenSSL - DLL LibSSH2\src\tool_cb_see.obj"
         "..\..\..\..\build\Win32\VC10\DLL Debug - DLL OpenSSL - DLL LibSSH2\src\tool_cb_wrt.obj"
         "..\..\..\..\build\Win32\VC10\DLL Debug - DLL OpenSSL - DLL LibSSH2\src\tool_cfgable.obj"
         "..\..\..\..\build\Win32\VC10\DLL Debug - DLL OpenSSL - DLL LibSSH2\src\tool_convert.obj"
         "..\..\..\..\build\Win32\VC10\DLL Debug - DLL OpenSSL - DLL LibSSH2\src\tool_dirhie.obj"
         "..\..\..\..\build\Win32\VC10\DLL Debug - DLL OpenSSL - DLL LibSSH2\src\tool_doswin.obj"
         "..\..\..\..\build\Win32\VC10\DLL Debug - DLL OpenSSL - DLL LibSSH2\src\tool_easysrc.obj"
         "..\..\..\..\build\Win32\VC10\DLL Debug - DLL OpenSSL - DLL LibSSH2\src\tool_formparse.obj"
         "..\..\..\..\build\Win32\VC10\DLL Debug - DLL OpenSSL - DLL LibSSH2\src\tool_getparam.obj"
         "..\..\..\..\build\Win32\VC10\DLL Debug - DLL OpenSSL - DLL LibSSH2\src\tool_getpass.obj"
         "..\..\..\..\build\Win32\VC10\DLL Debug - DLL OpenSSL - DLL LibSSH2\src\tool_help.obj"
         "..\..\..\..\build\Win32\VC10\DLL Debug - DLL OpenSSL - DLL LibSSH2\src\tool_helpers.obj"
         "..\..\..\..\build\Win32\VC10\DLL Debug - DLL OpenSSL - DLL LibSSH2\src\tool_homedir.obj"
         "..\..\..\..\build\Win32\VC10\DLL Debug - DLL OpenSSL - DLL LibSSH2\src\tool_hugehelp.obj"
         "..\..\..\..\build\Win32\VC10\DLL Debug - DLL OpenSSL - DLL LibSSH2\src\tool_libinfo.obj"
         "..\..\..\..\build\Win32\VC10\DLL Debug - DLL OpenSSL - DLL LibSSH2\src\tool_main.obj"
         "..\..\..\..\build\Win32\VC10\DLL Debug - DLL OpenSSL - DLL LibSSH2\src\tool_metalink.obj"
         "..\..\..\..\build\Win32\VC10\DLL Debug - DLL OpenSSL - DLL LibSSH2\src\tool_mfiles.obj"
         "..\..\..\..\build\Win32\VC10\DLL Debug - DLL OpenSSL - DLL LibSSH2\src\tool_msgs.obj"
         "..\..\..\..\build\Win32\VC10\DLL Debug - DLL OpenSSL - DLL LibSSH2\src\tool_operate.obj"
         "..\..\..\..\build\Win32\VC10\DLL Debug - DLL OpenSSL - DLL LibSSH2\src\tool_operhlp.obj"
         "..\..\..\..\build\Win32\VC10\DLL Debug - DLL OpenSSL - DLL LibSSH2\src\tool_panykey.obj"
         "..\..\..\..\build\Win32\VC10\DLL Debug - DLL OpenSSL - DLL LibSSH2\src\tool_paramhlp.obj"
         "..\..\..\..\build\Win32\VC10\DLL Debug - DLL OpenSSL - DLL LibSSH2\src\tool_parsecfg.obj"
         "..\..\..\..\build\Win32\VC10\DLL Debug - DLL OpenSSL - DLL LibSSH2\src\tool_setopt.obj"
         "..\..\..\..\build\Win32\VC10\DLL Debug - DLL OpenSSL - DLL LibSSH2\src\tool_sleep.obj"
         "..\..\..\..\build\Win32\VC10\DLL Debug - DLL OpenSSL - DLL LibSSH2\src\tool_strdup.obj"
         "..\..\..\..\build\Win32\VC10\DLL Debug - DLL OpenSSL - DLL LibSSH2\src\tool_urlglob.obj"
         "..\..\..\..\build\Win32\VC10\DLL Debug - DLL OpenSSL - DLL LibSSH2\src\tool_util.obj"
         "..\..\..\..\build\Win32\VC10\DLL Debug - DLL OpenSSL - DLL LibSSH2\src\tool_vms.obj"
         "..\..\..\..\build\Win32\VC10\DLL Debug - DLL OpenSSL - DLL LibSSH2\src\tool_writeout.obj"
         "..\..\..\..\build\Win32\VC10\DLL Debug - DLL OpenSSL - DLL LibSSH2\src\tool_xattr.obj"
     1>LINK : fatal error LNK1181: 无法打开输入文件“libcurld.lib”
     1>已完成生成项目“F:\zzc\SuperWisdom\curl\projects\Windows\VC10\src\curl.vcxproj”(build 个目标)的操作 - 失败。

生成失败。

已用时间 00:00:10.02
